SF:lib\data\datasources\tv_series_local_data_source.dart
DA:13,1
DA:16,1
DA:17,3
DA:19,1
DA:26,1
DA:27,3
DA:28,4
DA:32,1
DA:34,3
DA:37,2
DA:42,1
DA:44,3
DA:47,2
LF:13
LH:13
end_of_record
SF:lib\data\models\tv_series_table.dart
DA:12,16
DA:19,2
DA:20,1
DA:21,1
DA:22,1
DA:23,1
DA:26,2
DA:27,1
DA:28,1
DA:29,1
DA:30,1
DA:33,0
DA:34,0
DA:35,0
DA:36,0
DA:37,0
DA:40,4
DA:41,2
DA:42,2
DA:43,2
DA:44,2
DA:47,2
DA:49,10
LF:23
LH:18
end_of_record
SF:lib\domain\entities\tv_series.dart
DA:4,12
DA:20,2
DA:41,8
DA:42,8
DA:43,8
DA:44,8
DA:45,8
DA:46,8
DA:47,8
DA:48,8
DA:49,8
DA:50,8
DA:51,8
DA:52,8
DA:53,8
DA:54,8
DA:55,8
LF:17
LH:17
end_of_record
SF:lib\domain\entities\tv_series_detail.dart
DA:5,16
DA:61,3
DA:62,3
DA:63,3
DA:64,3
DA:65,3
DA:66,3
DA:67,3
DA:68,3
DA:69,3
DA:70,3
DA:71,3
DA:72,3
DA:73,3
DA:74,3
DA:75,3
DA:76,3
DA:77,3
DA:78,3
DA:79,3
DA:80,3
DA:81,3
DA:82,3
DA:83,3
DA:84,3
DA:85,3
DA:86,3
DA:87,3
DA:88,3
DA:89,3
LF:30
LH:30
end_of_record
SF:lib\data\models\tv_series_detail_model.dart
DA:8,3
DA:64,1
DA:65,1
DA:66,1
DA:67,1
DA:68,4
DA:69,4
DA:70,2
DA:71,1
DA:72,4
DA:73,1
DA:74,1
DA:75,1
DA:76,4
DA:77,2
DA:78,1
DA:79,1
DA:80,1
DA:81,4
DA:82,1
DA:83,1
DA:84,1
DA:85,2
DA:86,1
DA:88,3
DA:89,1
DA:90,1
DA:91,1
DA:92,2
DA:93,1
DA:96,0
DA:97,0
DA:98,0
DA:99,0
DA:100,0
DA:101,0
DA:102,0
DA:103,0
DA:104,0
DA:105,0
DA:106,0
DA:107,0
DA:108,0
DA:109,0
DA:110,0
DA:111,0
DA:112,0
DA:113,0
DA:114,0
DA:115,0
DA:116,0
DA:118,0
DA:119,0
DA:120,0
DA:121,0
DA:122,0
DA:123,0
DA:126,2
DA:127,2
DA:128,2
DA:129,2
DA:130,10
DA:131,2
DA:132,2
DA:133,2
DA:134,2
DA:135,2
DA:136,2
DA:137,2
DA:138,2
DA:139,2
DA:140,2
DA:141,2
DA:142,2
DA:143,2
DA:144,2
DA:145,2
DA:146,2
DA:147,2
DA:148,2
DA:149,2
DA:150,2
DA:151,2
DA:152,2
DA:153,2
DA:157,1
DA:159,1
DA:160,1
DA:161,1
DA:162,1
DA:163,1
DA:164,1
DA:165,1
DA:166,1
DA:167,1
DA:168,1
DA:169,1
DA:170,1
DA:171,1
DA:172,1
DA:173,1
DA:174,1
DA:175,1
DA:176,1
DA:177,1
DA:178,1
DA:179,1
DA:180,1
DA:181,1
DA:182,1
DA:183,1
DA:184,1
DA:185,1
DA:186,1
LF:114
LH:87
end_of_record
SF:lib\data\datasources\tv_series_remote_data_source.dart
DA:23,1
DA:26,1
DA:28,5
DA:30,2
DA:31,4
DA:33,1
DA:38,1
DA:40,5
DA:42,2
DA:43,4
DA:45,1
DA:50,1
DA:52,5
DA:54,2
DA:55,4
DA:57,1
DA:62,1
DA:63,5
DA:65,2
DA:66,3
DA:68,1
DA:73,1
DA:74,2
DA:75,3
DA:77,2
DA:78,4
DA:80,1
DA:85,1
DA:86,2
DA:87,3
DA:89,2
DA:90,4
DA:92,1
LF:33
LH:33
end_of_record
SF:lib\data\models\tv_series_model.dart
DA:6,5
DA:36,4
DA:37,2
DA:38,2
DA:39,8
DA:40,2
DA:41,2
DA:42,8
DA:43,2
DA:44,2
DA:45,2
DA:46,4
DA:47,2
DA:48,4
DA:49,2
DA:52,2
DA:53,1
DA:54,1
DA:55,4
DA:56,1
DA:57,1
DA:58,4
DA:59,1
DA:60,1
DA:61,1
DA:62,1
DA:63,1
DA:64,1
DA:65,1
DA:68,2
DA:69,2
DA:70,2
DA:71,2
DA:72,2
DA:73,2
DA:74,2
DA:75,2
DA:76,2
DA:77,2
DA:78,2
DA:79,2
DA:80,2
DA:81,2
DA:82,2
DA:86,2
DA:87,2
DA:88,2
DA:89,2
DA:90,2
DA:91,2
DA:92,2
DA:93,2
DA:94,2
DA:95,2
DA:96,2
DA:97,2
DA:98,2
DA:99,2
DA:100,2
LF:59
LH:59
end_of_record
SF:lib\data\models\tv_series_response.dart
DA:8,3
DA:10,4
DA:11,4
DA:12,6
DA:13,6
DA:16,2
DA:17,5
DA:20,1
DA:21,2
LF:9
LH:9
end_of_record
SF:lib\data\repositories\tv_series_repository_impl.dart
DA:11,1
DA:17,1
DA:19,3
DA:20,5
DA:21,1
DA:23,1
DA:29,1
DA:31,3
DA:32,5
DA:33,1
DA:35,1
DA:41,1
DA:43,3
DA:44,5
DA:45,1
DA:47,1
DA:53,1
DA:55,3
DA:56,2
DA:57,1
DA:59,1
DA:65,1
DA:67,3
DA:68,3
DA:69,1
DA:71,1
DA:77,1
DA:79,3
DA:80,5
DA:81,1
DA:83,1
DA:89,1
DA:90,3
DA:91,5
DA:95,1
DA:96,3
DA:101,1
DA:104,4
DA:105,1
DA:106,1
DA:107,3
DA:112,1
DA:115,4
DA:116,1
DA:117,1
DA:118,3
LF:46
LH:46
end_of_record
SF:lib\domain\usecases\get_now_playing_tv_series.dart
DA:9,1
DA:11,1
DA:12,2
LF:3
LH:3
end_of_record
SF:lib\domain\usecases\get_popular_tv_series.dart
DA:9,1
DA:11,1
DA:12,2
LF:3
LH:3
end_of_record
SF:lib\domain\usecases\get_top_rated_tv_series.dart
DA:9,1
DA:11,1
DA:12,2
LF:3
LH:3
end_of_record
SF:lib\domain\usecases\get_tv_series_detail.dart
DA:9,1
DA:11,1
DA:12,2
LF:3
LH:3
end_of_record
SF:lib\domain\usecases\get_tv_series_recommendations.dart
DA:9,1
DA:11,1
DA:12,2
LF:3
LH:3
end_of_record
SF:lib\domain\usecases\get_watchlist_status_tv_series.dart
DA:7,1
DA:9,1
DA:10,2
LF:3
LH:3
end_of_record
SF:lib\domain\usecases\get_watchlist_tv_series.dart
DA:9,1
DA:11,1
DA:12,2
LF:3
LH:3
end_of_record
SF:lib\domain\usecases\remove_watchlist_tv_series.dart
DA:9,1
DA:11,1
DA:12,2
LF:3
LH:3
end_of_record
SF:lib\domain\usecases\save_watchlist_tv_series.dart
DA:9,1
DA:11,1
DA:12,2
LF:3
LH:3
end_of_record
SF:lib\presentation\cubit\get_watchlist_tv_series\get_watchlist_tv_series_state.dart
DA:4,2
DA:6,1
DA:7,1
DA:17,2
DA:19,1
DA:20,2
DA:26,1
DA:28,1
DA:29,2
LF:9
LH:9
end_of_record
SF:lib\presentation\cubit\get_watchlist_tv_series\get_watchlist_tv_series_cubit.dart
DA:11,3
DA:13,1
DA:14,2
DA:15,3
DA:17,1
DA:18,1
DA:19,3
DA:21,1
DA:22,2
LF:9
LH:9
end_of_record
SF:lib\presentation\cubit\now_playing_tv_series\now_playing_tv_series_cubit.dart
DA:10,3
DA:12,1
DA:13,2
DA:14,3
DA:16,1
DA:17,1
DA:18,3
DA:20,1
DA:21,2
LF:9
LH:9
end_of_record
SF:lib\presentation\cubit\now_playing_tv_series\now_playing_tv_series_state.dart
DA:4,3
DA:6,1
DA:7,1
DA:17,2
DA:19,1
DA:20,2
DA:26,2
DA:28,1
DA:29,2
LF:9
LH:9
end_of_record
SF:lib\presentation\cubit\popular_tv_series\popular_tv_series_state.dart
DA:4,4
DA:6,1
DA:7,1
DA:17,2
DA:19,1
DA:20,2
DA:26,3
DA:28,1
DA:29,2
LF:9
LH:9
end_of_record
SF:lib\presentation\cubit\popular_tv_series\popular_tv_series_cubit.dart
DA:10,3
DA:12,1
DA:13,2
DA:14,3
DA:16,1
DA:17,1
DA:18,3
DA:20,1
DA:21,2
LF:9
LH:9
end_of_record
SF:lib\presentation\cubit\top_rated_tv_series\top_rated_tv_series_state.dart
DA:4,4
DA:6,1
DA:7,1
DA:17,2
DA:19,1
DA:20,2
DA:26,3
DA:28,1
DA:29,2
LF:9
LH:9
end_of_record
SF:lib\presentation\cubit\top_rated_tv_series\top_rated_tv_series_cubit.dart
DA:10,3
DA:12,1
DA:13,2
DA:14,3
DA:16,1
DA:17,1
DA:18,3
DA:20,1
DA:21,2
LF:9
LH:9
end_of_record
SF:lib\presentation\cubit\tv_series_detail\tv_series_detail_cubit.dart
DA:10,1
DA:11,2
DA:13,1
DA:14,2
DA:15,3
DA:17,1
DA:18,1
DA:19,3
DA:21,1
DA:22,2
LF:10
LH:10
end_of_record
SF:lib\presentation\cubit\tv_series_detail\tv_series_detail_state.dart
DA:4,2
DA:6,1
DA:7,1
DA:17,2
DA:19,1
DA:20,2
DA:26,2
DA:28,1
DA:29,2
LF:9
LH:9
end_of_record
SF:lib\presentation\cubit\tv_series_detail_recommendations\tv_series_detail_recommendations_state.dart
DA:4,3
DA:6,1
DA:7,1
DA:18,2
DA:20,1
DA:21,2
DA:28,2
DA:30,1
DA:31,2
LF:9
LH:9
end_of_record
SF:lib\presentation\cubit\tv_series_detail_recommendations\tv_series_detail_recommendations_cubit.dart
DA:10,1
DA:11,2
DA:13,1
DA:14,2
DA:15,3
DA:17,1
DA:18,1
DA:19,3
DA:21,1
DA:22,2
LF:10
LH:10
end_of_record
SF:lib\presentation\cubit\tv_series_watchlist\tv_series_watchlist_cubit.dart
DA:14,1
DA:16,2
DA:18,1
DA:19,3
DA:21,1
DA:22,1
DA:23,2
DA:26,1
DA:27,3
DA:29,2
DA:30,0
DA:31,0
DA:32,0
DA:34,1
DA:35,2
DA:36,1
DA:40,3
DA:43,1
DA:44,3
DA:46,2
DA:47,0
DA:48,0
DA:49,0
DA:51,1
DA:52,2
DA:53,1
DA:57,3
LF:27
LH:21
end_of_record
SF:lib\presentation\cubit\tv_series_watchlist\tv_series_watchlist_state.dart
DA:6,1
DA:8,1
DA:9,2
LF:3
LH:3
end_of_record
SF:lib\presentation\pages\popular_tv_series_page.dart
DA:7,1
DA:10,1
DA:11,1
DA:15,1
DA:17,1
DA:18,3
DA:21,1
DA:23,1
DA:24,1
DA:27,1
DA:29,1
DA:30,1
DA:31,1
DA:35,1
DA:36,1
DA:37,1
DA:38,2
DA:39,1
DA:41,2
LF:19
LH:19
end_of_record
SF:lib\presentation\pages\top_rated_tv_series_page.dart
DA:7,1
DA:9,1
DA:10,1
DA:14,1
DA:16,1
DA:17,3
DA:20,1
DA:22,1
DA:23,1
DA:26,1
DA:28,1
DA:29,1
DA:30,1
DA:34,1
DA:35,1
DA:36,1
DA:37,2
DA:38,1
DA:40,2
LF:19
LH:19
end_of_record
SF:lib\presentation\pages\tv_series_detail_page.dart
DA:13,0
DA:15,0
DA:16,0
DA:20,0
DA:22,0
DA:23,0
DA:24,0
DA:25,0
DA:26,0
DA:27,0
DA:30,0
DA:32,0
DA:33,0
DA:34,0
DA:35,0
DA:39,0
DA:40,0
DA:41,0
DA:42,0
DA:46,0
DA:47,0
DA:60,0
DA:62,0
DA:64,0
DA:65,0
DA:66,0
DA:67,0
DA:68,0
DA:70,0
DA:73,0
DA:75,0
DA:77,0
DA:78,0
DA:79,0
DA:89,0
DA:90,0
DA:91,0
DA:93,0
DA:95,0
DA:97,0
DA:98,0
DA:99,0
DA:100,0
DA:102,0
DA:104,0
DA:105,0
DA:106,0
DA:107,0
DA:108,0
DA:109,0
DA:110,0
DA:112,0
DA:113,0
DA:114,0
DA:118,0
DA:119,0
DA:121,0
DA:122,0
DA:124,0
DA:125,0
DA:126,0
DA:127,0
DA:133,0
DA:135,0
DA:136,0
DA:137,0
DA:143,0
DA:145,0
DA:146,0
DA:155,0
DA:156,0
DA:158,0
DA:160,0
DA:162,0
DA:164,0
DA:166,0
DA:168,0
DA:170,0
DA:172,0
DA:174,0
DA:176,0
DA:178,0
DA:179,0
DA:180,0
DA:181,0
DA:183,0
DA:189,0
DA:193,0
DA:195,0
DA:197,0
DA:198,0
DA:201,0
DA:203,0
DA:210,0
DA:212,0
DA:227,0
DA:229,0
DA:232,0
DA:234,0
DA:235,0
DA:244,0
DA:246,0
DA:247,0
DA:250,0
DA:254,0
DA:257,0
DA:258,0
DA:260,0
DA:262,0
DA:263,0
DA:267,0
DA:269,0
DA:274,0
DA:275,0
DA:277,0
DA:278,0
DA:282,0
DA:291,28
DA:293,1
DA:295,1
DA:297,1
DA:298,1
DA:302,1
DA:303,1
DA:304,1
DA:306,1
DA:308,1
DA:309,1
DA:310,1
DA:312,1
DA:314,1
DA:315,0
DA:316,0
DA:319,0
DA:322,1
DA:326,1
DA:328,2
DA:329,1
DA:332,0
DA:340,1
DA:343,0
DA:344,0
LF:142
LH:19
end_of_record
SF:lib\presentation\pages\tv_series_page.dart
DA:11,0
DA:13,0
DA:14,0
DA:18,0
DA:20,0
DA:21,0
DA:22,0
DA:23,0
DA:26,0
DA:28,0
DA:29,0
DA:30,0
DA:31,0
DA:39,0
DA:42,0
DA:43,0
DA:44,0
DA:47,0
DA:50,0
DA:51,0
DA:54,0
DA:57,0
DA:58,0
DA:61,0
DA:62,0
DA:63,0
DA:71,0
DA:73,0
DA:74,0
DA:75,0
DA:76,0
DA:82,0
DA:84,0
DA:85,0
DA:87,0
DA:88,0
DA:90,0
DA:93,0
DA:95,0
DA:98,0
DA:100,0
DA:101,0
DA:111,0
DA:112,0
DA:114,0
DA:115,0
DA:117,0
DA:119,0
DA:121,0
DA:123,0
DA:134,28
DA:136,1
DA:138,1
DA:139,1
DA:140,1
DA:144,1
DA:145,2
DA:155,28
DA:157,1
DA:159,1
DA:160,1
DA:161,1
DA:165,1
DA:166,2
DA:176,28
DA:178,1
DA:180,1
DA:181,1
DA:182,1
DA:186,1
DA:187,2
DA:199,2
DA:201,1
DA:203,1
DA:205,1
DA:207,1
DA:208,2
DA:209,1
DA:211,1
DA:213,1
DA:214,0
DA:215,0
DA:218,0
DA:221,1
DA:223,1
DA:224,2
DA:225,1
DA:228,0
DA:235,2
LF:89
LH:35
end_of_record
SF:lib\presentation\widgets\tv_series_card.dart
DA:9,4
DA:11,2
DA:13,2
DA:15,2
DA:16,0
DA:17,0
DA:20,0
DA:23,2
DA:25,2
DA:26,2
DA:27,2
DA:33,2
DA:35,2
DA:36,2
DA:37,4
DA:40,2
DA:43,2
DA:44,4
DA:52,2
DA:57,2
DA:58,2
DA:59,6
DA:61,2
DA:64,0
LF:24
LH:20
end_of_record
